<?xml version="1.0" encoding="UTF-8"?>
<testsuite name="com.samsung.sec.dexter.executor.cli.AccountTest" tests="4" skipped="0" failures="0" errors="0" timestamp="2015-08-18T13:13:23" hostname="DO-MIN-HO-KIM04" time="0.273">
  <properties/>
  <testcase name="should_create_account_when_id_is_valid" classname="com.samsung.sec.dexter.executor.cli.AccountTest" time="0.155"/>
  <testcase name="should_ask_account_input_when_id_is_too_long" classname="com.samsung.sec.dexter.executor.cli.AccountTest" time="0.006"/>
  <testcase name="should_ask_account_when_id_exists" classname="com.samsung.sec.dexter.executor.cli.AccountTest" time="0.109"/>
  <testcase name="should_ask_account_input_when_id_is_too_short" classname="com.samsung.sec.dexter.executor.cli.AccountTest" time="0.002"/>
  <system-out><![CDATA[]]></system-out>
  <system-err><![CDATA[]]></system-err>
</testsuite>
